Problem:    solver_drone
Rows:       365
Columns:    333 (333 integer, 330 binary)
Non-zeros:  1027
Status:     INTEGER OPTIMAL
Objective:  f = 5640 (MINimum)

   No.   Row name        Activity     Lower bound   Upper bound
------ ------------    ------------- ------------- -------------
     1 f                        5640                             
     2 package_deliverd_once[1]
                                   1             1             = 
     3 package_deliverd_once[2]
                                   1             1             = 
     4 package_deliverd_once[3]
                                   1             1             = 
     5 package_deliverd_once[4]
                                   1             1             = 
     6 package_deliverd_once[5]
                                   1             1             = 
     7 package_deliverd_once[6]
                                   1             1             = 
     8 package_deliverd_once[7]
                                   1             1             = 
     9 package_deliverd_once[8]
                                   1             1             = 
    10 package_deliverd_once[9]
                                   1             1             = 
    11 package_deliverd_once[10]
                                   1             1             = 
    12 package_deliverd_once[11]
                                   1             1             = 
    13 package_deliverd_once[12]
                                   1             1             = 
    14 package_deliverd_once[13]
                                   1             1             = 
    15 package_deliverd_once[14]
                                   1             1             = 
    16 package_deliverd_once[15]
                                   1             1             = 
    17 package_well_delivered[1]
                                   1             1             = 
    18 package_well_delivered[2]
                                   1             1             = 
    19 package_well_delivered[3]
                                   1             1             = 
    20 package_well_delivered[4]
                                   1             1             = 
    21 package_well_delivered[5]
                                   1             1             = 
    22 package_well_delivered[6]
                                   1             1             = 
    23 package_well_delivered[7]
                                   1             1             = 
    24 package_well_delivered[8]
                                   1             1             = 
    25 package_well_delivered[9]
                                   1             1             = 
    26 package_well_delivered[10]
                                   1             1             = 
    27 package_well_delivered[11]
                                   1             1             = 
    28 package_well_delivered[12]
                                   1             1             = 
    29 package_well_delivered[13]
                                   1             1             = 
    30 package_well_delivered[14]
                                   1             1             = 
    31 package_well_delivered[15]
                                   1             1             = 
    32 time_spent_flying[1]
                                   0            -0             = 
    33 time_spent_flying[2]
                                   0            -0             = 
    34 autonomy_not_exceeded[1,1,1]
                                   0                        1764 
    35 autonomy_not_exceeded[1,1,2]
                                   0                        1764 
    36 autonomy_not_exceeded[1,1,3]
                                   0                        1764 
    37 autonomy_not_exceeded[1,1,4]
                                   0                        1764 
    38 autonomy_not_exceeded[1,1,5]
                                   0                        1764 
    39 autonomy_not_exceeded[1,1,6]
                                   0                        1764 
    40 autonomy_not_exceeded[1,1,7]
                                   0                        1764 
    41 autonomy_not_exceeded[1,1,8]
                                   0                        1764 
    42 autonomy_not_exceeded[1,1,9]
                                   0                        1764 
    43 autonomy_not_exceeded[1,1,10]
                                   0                        1764 
    44 autonomy_not_exceeded[1,1,11]
                                   0                        1764 
    45 autonomy_not_exceeded[1,2,1]
                                   0                        1764 
    46 autonomy_not_exceeded[1,2,2]
                                   0                        1764 
    47 autonomy_not_exceeded[1,2,3]
                                   0                        1764 
    48 autonomy_not_exceeded[1,2,4]
                                   0                        1764 
    49 autonomy_not_exceeded[1,2,5]
                                   0                        1764 
    50 autonomy_not_exceeded[1,2,6]
                                   0                        1764 
    51 autonomy_not_exceeded[1,2,7]
                                   0                        1764 
    52 autonomy_not_exceeded[1,2,8]
                                   0                        1764 
    53 autonomy_not_exceeded[1,2,9]
                                   0                        1764 
    54 autonomy_not_exceeded[1,2,10]
                                   0                        1764 
    55 autonomy_not_exceeded[1,2,11]
                                   0                        1764 
    56 autonomy_not_exceeded[1,3,1]
                                   0                        1764 
    57 autonomy_not_exceeded[1,3,2]
                                   0                        1764 
    58 autonomy_not_exceeded[1,3,3]
                                   0                        1764 
    59 autonomy_not_exceeded[1,3,4]
                                   0                        1764 
    60 autonomy_not_exceeded[1,3,5]
                                   0                        1764 
    61 autonomy_not_exceeded[1,3,6]
                                   0                        1764 
    62 autonomy_not_exceeded[1,3,7]
                                   0                        1764 
    63 autonomy_not_exceeded[1,3,8]
                                   0                        1764 
    64 autonomy_not_exceeded[1,3,9]
                                   0                        1764 
    65 autonomy_not_exceeded[1,3,10]
                                   0                        1764 
    66 autonomy_not_exceeded[1,3,11]
                                   0                        1764 
    67 autonomy_not_exceeded[1,4,1]
                                   0                        1764 
    68 autonomy_not_exceeded[1,4,2]
                                 209                        1764 
    69 autonomy_not_exceeded[1,4,3]
                                   0                        1764 
    70 autonomy_not_exceeded[1,4,4]
                                   0                        1764 
    71 autonomy_not_exceeded[1,4,5]
                                   0                        1764 
    72 autonomy_not_exceeded[1,4,6]
                                   0                        1764 
    73 autonomy_not_exceeded[1,4,7]
                                   0                        1764 
    74 autonomy_not_exceeded[1,4,8]
                                   0                        1764 
    75 autonomy_not_exceeded[1,4,9]
                                   0                        1764 
    76 autonomy_not_exceeded[1,4,10]
                                   0                        1764 
    77 autonomy_not_exceeded[1,4,11]
                                   0                        1764 
    78 autonomy_not_exceeded[1,5,1]
                                   0                        1764 
    79 autonomy_not_exceeded[1,5,2]
                                 209                        1764 
    80 autonomy_not_exceeded[1,5,3]
                                   0                        1764 
    81 autonomy_not_exceeded[1,5,4]
                                   0                        1764 
    82 autonomy_not_exceeded[1,5,5]
                                   0                        1764 
    83 autonomy_not_exceeded[1,5,6]
                                   0                        1764 
    84 autonomy_not_exceeded[1,5,7]
                                   0                        1764 
    85 autonomy_not_exceeded[1,5,8]
                                   0                        1764 
    86 autonomy_not_exceeded[1,5,9]
                                   0                        1764 
    87 autonomy_not_exceeded[1,5,10]
                                   0                        1764 
    88 autonomy_not_exceeded[1,5,11]
                                   0                        1764 
    89 autonomy_not_exceeded[1,6,1]
                                   0                        1764 
    90 autonomy_not_exceeded[1,6,2]
                                 209                        1764 
    91 autonomy_not_exceeded[1,6,3]
                                   0                        1764 
    92 autonomy_not_exceeded[1,6,4]
                                   0                        1764 
    93 autonomy_not_exceeded[1,6,5]
                                   0                        1764 
    94 autonomy_not_exceeded[1,6,6]
                                   0                        1764 
    95 autonomy_not_exceeded[1,6,7]
                                   0                        1764 
    96 autonomy_not_exceeded[1,6,8]
                                   0                        1764 
    97 autonomy_not_exceeded[1,6,9]
                                   0                        1764 
    98 autonomy_not_exceeded[1,6,10]
                                   0                        1764 
    99 autonomy_not_exceeded[1,6,11]
                                   0                        1764 
   100 autonomy_not_exceeded[1,7,1]
                                   0                        1764 
   101 autonomy_not_exceeded[1,7,2]
                                   0                        1764 
   102 autonomy_not_exceeded[1,7,3]
                                   0                        1764 
   103 autonomy_not_exceeded[1,7,4]
                                   0                        1764 
   104 autonomy_not_exceeded[1,7,5]
                                   0                        1764 
   105 autonomy_not_exceeded[1,7,6]
                                   0                        1764 
   106 autonomy_not_exceeded[1,7,7]
                                   0                        1764 
   107 autonomy_not_exceeded[1,7,8]
                                   0                        1764 
   108 autonomy_not_exceeded[1,7,9]
                                   0                        1764 
   109 autonomy_not_exceeded[1,7,10]
                                   0                        1764 
   110 autonomy_not_exceeded[1,7,11]
                                   0                        1764 
   111 autonomy_not_exceeded[1,8,1]
                                   0                        1764 
   112 autonomy_not_exceeded[1,8,2]
                                   0                        1764 
   113 autonomy_not_exceeded[1,8,3]
                                   0                        1764 
   114 autonomy_not_exceeded[1,8,4]
                                  38                        1764 
   115 autonomy_not_exceeded[1,8,5]
                                   0                        1764 
   116 autonomy_not_exceeded[1,8,6]
                                   0                        1764 
   117 autonomy_not_exceeded[1,8,7]
                                   0                        1764 
   118 autonomy_not_exceeded[1,8,8]
                                   0                        1764 
   119 autonomy_not_exceeded[1,8,9]
                                   0                        1764 
   120 autonomy_not_exceeded[1,8,10]
                                   0                        1764 
   121 autonomy_not_exceeded[1,8,11]
                                   0                        1764 
   122 autonomy_not_exceeded[1,9,1]
                                   0                        1764 
   123 autonomy_not_exceeded[1,9,2]
                                   0                        1764 
   124 autonomy_not_exceeded[1,9,3]
                                   0                        1764 
   125 autonomy_not_exceeded[1,9,4]
                                   0                        1764 
   126 autonomy_not_exceeded[1,9,5]
                                   0                        1764 
   127 autonomy_not_exceeded[1,9,6]
                                 225                        1764 
   128 autonomy_not_exceeded[1,9,7]
                                   0                        1764 
   129 autonomy_not_exceeded[1,9,8]
                                   0                        1764 
   130 autonomy_not_exceeded[1,9,9]
                                   0                        1764 
   131 autonomy_not_exceeded[1,9,10]
                                   0                        1764 
   132 autonomy_not_exceeded[1,9,11]
                                   0                        1764 
   133 autonomy_not_exceeded[1,10,1]
                                   0                        1764 
   134 autonomy_not_exceeded[1,10,2]
                                   0                        1764 
   135 autonomy_not_exceeded[1,10,3]
                                   0                        1764 
   136 autonomy_not_exceeded[1,10,4]
                                   0                        1764 
   137 autonomy_not_exceeded[1,10,5]
                                   0                        1764 
   138 autonomy_not_exceeded[1,10,6]
                                   0                        1764 
   139 autonomy_not_exceeded[1,10,7]
                                 256                        1764 
   140 autonomy_not_exceeded[1,10,8]
                                   0                        1764 
   141 autonomy_not_exceeded[1,10,9]
                                   0                        1764 
   142 autonomy_not_exceeded[1,10,10]
                                   0                        1764 
   143 autonomy_not_exceeded[1,10,11]
                                   0                        1764 
   144 autonomy_not_exceeded[1,11,1]
                                   0                        1764 
   145 autonomy_not_exceeded[1,11,2]
                                   0                        1764 
   146 autonomy_not_exceeded[1,11,3]
                                   0                        1764 
   147 autonomy_not_exceeded[1,11,4]
                                   0                        1764 
   148 autonomy_not_exceeded[1,11,5]
                                   0                        1764 
   149 autonomy_not_exceeded[1,11,6]
                                   0                        1764 
   150 autonomy_not_exceeded[1,11,7]
                                   0                        1764 
   151 autonomy_not_exceeded[1,11,8]
                                 132                        1764 
   152 autonomy_not_exceeded[1,11,9]
                                   0                        1764 
   153 autonomy_not_exceeded[1,11,10]
                                   0                        1764 
   154 autonomy_not_exceeded[1,11,11]
                                   0                        1764 
   155 autonomy_not_exceeded[1,12,1]
                                   0                        1764 
   156 autonomy_not_exceeded[1,12,2]
                                   0                        1764 
   157 autonomy_not_exceeded[1,12,3]
                                   0                        1764 
   158 autonomy_not_exceeded[1,12,4]
                                   0                        1764 
   159 autonomy_not_exceeded[1,12,5]
                                   0                        1764 
   160 autonomy_not_exceeded[1,12,6]
                                   0                        1764 
   161 autonomy_not_exceeded[1,12,7]
                                   0                        1764 
   162 autonomy_not_exceeded[1,12,8]
                                 132                        1764 
   163 autonomy_not_exceeded[1,12,9]
                                   0                        1764 
   164 autonomy_not_exceeded[1,12,10]
                                   0                        1764 
   165 autonomy_not_exceeded[1,12,11]
                                   0                        1764 
   166 autonomy_not_exceeded[1,13,1]
                                   0                        1764 
   167 autonomy_not_exceeded[1,13,2]
                                   0                        1764 
   168 autonomy_not_exceeded[1,13,3]
                                   0                        1764 
   169 autonomy_not_exceeded[1,13,4]
                                   0                        1764 
   170 autonomy_not_exceeded[1,13,5]
                                   0                        1764 
   171 autonomy_not_exceeded[1,13,6]
                                   0                        1764 
   172 autonomy_not_exceeded[1,13,7]
                                   0                        1764 
   173 autonomy_not_exceeded[1,13,8]
                                   0                        1764 
   174 autonomy_not_exceeded[1,13,9]
                                   0                        1764 
   175 autonomy_not_exceeded[1,13,10]
                                   0                        1764 
   176 autonomy_not_exceeded[1,13,11]
                                   0                        1764 
   177 autonomy_not_exceeded[1,14,1]
                                   0                        1764 
   178 autonomy_not_exceeded[1,14,2]
                                   0                        1764 
   179 autonomy_not_exceeded[1,14,3]
                                   0                        1764 
   180 autonomy_not_exceeded[1,14,4]
                                   0                        1764 
   181 autonomy_not_exceeded[1,14,5]
                                   0                        1764 
   182 autonomy_not_exceeded[1,14,6]
                                   0                        1764 
   183 autonomy_not_exceeded[1,14,7]
                                   0                        1764 
   184 autonomy_not_exceeded[1,14,8]
                                   0                        1764 
   185 autonomy_not_exceeded[1,14,9]
                                   0                        1764 
   186 autonomy_not_exceeded[1,14,10]
                                   0                        1764 
   187 autonomy_not_exceeded[1,14,11]
                                   0                        1764 
   188 autonomy_not_exceeded[1,15,1]
                                   0                        1764 
   189 autonomy_not_exceeded[1,15,2]
                                   0                        1764 
   190 autonomy_not_exceeded[1,15,3]
                                   0                        1764 
   191 autonomy_not_exceeded[1,15,4]
                                   0                        1764 
   192 autonomy_not_exceeded[1,15,5]
                                   0                        1764 
   193 autonomy_not_exceeded[1,15,6]
                                   0                        1764 
   194 autonomy_not_exceeded[1,15,7]
                                   0                        1764 
   195 autonomy_not_exceeded[1,15,8]
                                   0                        1764 
   196 autonomy_not_exceeded[1,15,9]
                                   0                        1764 
   197 autonomy_not_exceeded[1,15,10]
                                   0                        1764 
   198 autonomy_not_exceeded[1,15,11]
                                   0                        1764 
   199 autonomy_not_exceeded[2,1,1]
                                 194                        1764 
   200 autonomy_not_exceeded[2,1,2]
                                   0                        1764 
   201 autonomy_not_exceeded[2,1,3]
                                   0                        1764 
   202 autonomy_not_exceeded[2,1,4]
                                   0                        1764 
   203 autonomy_not_exceeded[2,1,5]
                                   0                        1764 
   204 autonomy_not_exceeded[2,1,6]
                                   0                        1764 
   205 autonomy_not_exceeded[2,1,7]
                                   0                        1764 
   206 autonomy_not_exceeded[2,1,8]
                                   0                        1764 
   207 autonomy_not_exceeded[2,1,9]
                                   0                        1764 
   208 autonomy_not_exceeded[2,1,10]
                                   0                        1764 
   209 autonomy_not_exceeded[2,1,11]
                                   0                        1764 
   210 autonomy_not_exceeded[2,2,1]
                                 194                        1764 
   211 autonomy_not_exceeded[2,2,2]
                                   0                        1764 
   212 autonomy_not_exceeded[2,2,3]
                                   0                        1764 
   213 autonomy_not_exceeded[2,2,4]
                                   0                        1764 
   214 autonomy_not_exceeded[2,2,5]
                                   0                        1764 
   215 autonomy_not_exceeded[2,2,6]
                                   0                        1764 
   216 autonomy_not_exceeded[2,2,7]
                                   0                        1764 
   217 autonomy_not_exceeded[2,2,8]
                                   0                        1764 
   218 autonomy_not_exceeded[2,2,9]
                                   0                        1764 
   219 autonomy_not_exceeded[2,2,10]
                                   0                        1764 
   220 autonomy_not_exceeded[2,2,11]
                                   0                        1764 
   221 autonomy_not_exceeded[2,3,1]
                                 194                        1764 
   222 autonomy_not_exceeded[2,3,2]
                                   0                        1764 
   223 autonomy_not_exceeded[2,3,3]
                                   0                        1764 
   224 autonomy_not_exceeded[2,3,4]
                                   0                        1764 
   225 autonomy_not_exceeded[2,3,5]
                                   0                        1764 
   226 autonomy_not_exceeded[2,3,6]
                                   0                        1764 
   227 autonomy_not_exceeded[2,3,7]
                                   0                        1764 
   228 autonomy_not_exceeded[2,3,8]
                                   0                        1764 
   229 autonomy_not_exceeded[2,3,9]
                                   0                        1764 
   230 autonomy_not_exceeded[2,3,10]
                                   0                        1764 
   231 autonomy_not_exceeded[2,3,11]
                                   0                        1764 
   232 autonomy_not_exceeded[2,4,1]
                                   0                        1764 
   233 autonomy_not_exceeded[2,4,2]
                                   0                        1764 
   234 autonomy_not_exceeded[2,4,3]
                                   0                        1764 
   235 autonomy_not_exceeded[2,4,4]
                                   0                        1764 
   236 autonomy_not_exceeded[2,4,5]
                                   0                        1764 
   237 autonomy_not_exceeded[2,4,6]
                                   0                        1764 
   238 autonomy_not_exceeded[2,4,7]
                                   0                        1764 
   239 autonomy_not_exceeded[2,4,8]
                                   0                        1764 
   240 autonomy_not_exceeded[2,4,9]
                                   0                        1764 
   241 autonomy_not_exceeded[2,4,10]
                                   0                        1764 
   242 autonomy_not_exceeded[2,4,11]
                                   0                        1764 
   243 autonomy_not_exceeded[2,5,1]
                                   0                        1764 
   244 autonomy_not_exceeded[2,5,2]
                                   0                        1764 
   245 autonomy_not_exceeded[2,5,3]
                                   0                        1764 
   246 autonomy_not_exceeded[2,5,4]
                                   0                        1764 
   247 autonomy_not_exceeded[2,5,5]
                                   0                        1764 
   248 autonomy_not_exceeded[2,5,6]
                                   0                        1764 
   249 autonomy_not_exceeded[2,5,7]
                                   0                        1764 
   250 autonomy_not_exceeded[2,5,8]
                                   0                        1764 
   251 autonomy_not_exceeded[2,5,9]
                                   0                        1764 
   252 autonomy_not_exceeded[2,5,10]
                                   0                        1764 
   253 autonomy_not_exceeded[2,5,11]
                                   0                        1764 
   254 autonomy_not_exceeded[2,6,1]
                                   0                        1764 
   255 autonomy_not_exceeded[2,6,2]
                                   0                        1764 
   256 autonomy_not_exceeded[2,6,3]
                                   0                        1764 
   257 autonomy_not_exceeded[2,6,4]
                                   0                        1764 
   258 autonomy_not_exceeded[2,6,5]
                                   0                        1764 
   259 autonomy_not_exceeded[2,6,6]
                                   0                        1764 
   260 autonomy_not_exceeded[2,6,7]
                                   0                        1764 
   261 autonomy_not_exceeded[2,6,8]
                                   0                        1764 
   262 autonomy_not_exceeded[2,6,9]
                                   0                        1764 
   263 autonomy_not_exceeded[2,6,10]
                                   0                        1764 
   264 autonomy_not_exceeded[2,6,11]
                                   0                        1764 
   265 autonomy_not_exceeded[2,7,1]
                                   0                        1764 
   266 autonomy_not_exceeded[2,7,2]
                                   0                        1764 
   267 autonomy_not_exceeded[2,7,3]
                                 117                        1764 
   268 autonomy_not_exceeded[2,7,4]
                                   0                        1764 
   269 autonomy_not_exceeded[2,7,5]
                                   0                        1764 
   270 autonomy_not_exceeded[2,7,6]
                                   0                        1764 
   271 autonomy_not_exceeded[2,7,7]
                                   0                        1764 
   272 autonomy_not_exceeded[2,7,8]
                                   0                        1764 
   273 autonomy_not_exceeded[2,7,9]
                                   0                        1764 
   274 autonomy_not_exceeded[2,7,10]
                                   0                        1764 
   275 autonomy_not_exceeded[2,7,11]
                                   0                        1764 
   276 autonomy_not_exceeded[2,8,1]
                                   0                        1764 
   277 autonomy_not_exceeded[2,8,2]
                                   0                        1764 
   278 autonomy_not_exceeded[2,8,3]
                                   0                        1764 
   279 autonomy_not_exceeded[2,8,4]
                                   0                        1764 
   280 autonomy_not_exceeded[2,8,5]
                                   0                        1764 
   281 autonomy_not_exceeded[2,8,6]
                                   0                        1764 
   282 autonomy_not_exceeded[2,8,7]
                                   0                        1764 
   283 autonomy_not_exceeded[2,8,8]
                                   0                        1764 
   284 autonomy_not_exceeded[2,8,9]
                                   0                        1764 
   285 autonomy_not_exceeded[2,8,10]
                                   0                        1764 
   286 autonomy_not_exceeded[2,8,11]
                                   0                        1764 
   287 autonomy_not_exceeded[2,9,1]
                                   0                        1764 
   288 autonomy_not_exceeded[2,9,2]
                                   0                        1764 
   289 autonomy_not_exceeded[2,9,3]
                                   0                        1764 
   290 autonomy_not_exceeded[2,9,4]
                                   0                        1764 
   291 autonomy_not_exceeded[2,9,5]
                                   0                        1764 
   292 autonomy_not_exceeded[2,9,6]
                                   0                        1764 
   293 autonomy_not_exceeded[2,9,7]
                                   0                        1764 
   294 autonomy_not_exceeded[2,9,8]
                                   0                        1764 
   295 autonomy_not_exceeded[2,9,9]
                                   0                        1764 
   296 autonomy_not_exceeded[2,9,10]
                                   0                        1764 
   297 autonomy_not_exceeded[2,9,11]
                                   0                        1764 
   298 autonomy_not_exceeded[2,10,1]
                                   0                        1764 
   299 autonomy_not_exceeded[2,10,2]
                                   0                        1764 
   300 autonomy_not_exceeded[2,10,3]
                                   0                        1764 
   301 autonomy_not_exceeded[2,10,4]
                                   0                        1764 
   302 autonomy_not_exceeded[2,10,5]
                                   0                        1764 
   303 autonomy_not_exceeded[2,10,6]
                                   0                        1764 
   304 autonomy_not_exceeded[2,10,7]
                                   0                        1764 
   305 autonomy_not_exceeded[2,10,8]
                                   0                        1764 
   306 autonomy_not_exceeded[2,10,9]
                                   0                        1764 
   307 autonomy_not_exceeded[2,10,10]
                                   0                        1764 
   308 autonomy_not_exceeded[2,10,11]
                                   0                        1764 
   309 autonomy_not_exceeded[2,11,1]
                                   0                        1764 
   310 autonomy_not_exceeded[2,11,2]
                                   0                        1764 
   311 autonomy_not_exceeded[2,11,3]
                                   0                        1764 
   312 autonomy_not_exceeded[2,11,4]
                                   0                        1764 
   313 autonomy_not_exceeded[2,11,5]
                                   0                        1764 
   314 autonomy_not_exceeded[2,11,6]
                                   0                        1764 
   315 autonomy_not_exceeded[2,11,7]
                                   0                        1764 
   316 autonomy_not_exceeded[2,11,8]
                                   0                        1764 
   317 autonomy_not_exceeded[2,11,9]
                                   0                        1764 
   318 autonomy_not_exceeded[2,11,10]
                                   0                        1764 
   319 autonomy_not_exceeded[2,11,11]
                                   0                        1764 
   320 autonomy_not_exceeded[2,12,1]
                                   0                        1764 
   321 autonomy_not_exceeded[2,12,2]
                                   0                        1764 
   322 autonomy_not_exceeded[2,12,3]
                                   0                        1764 
   323 autonomy_not_exceeded[2,12,4]
                                   0                        1764 
   324 autonomy_not_exceeded[2,12,5]
                                   0                        1764 
   325 autonomy_not_exceeded[2,12,6]
                                   0                        1764 
   326 autonomy_not_exceeded[2,12,7]
                                   0                        1764 
   327 autonomy_not_exceeded[2,12,8]
                                   0                        1764 
   328 autonomy_not_exceeded[2,12,9]
                                   0                        1764 
   329 autonomy_not_exceeded[2,12,10]
                                   0                        1764 
   330 autonomy_not_exceeded[2,12,11]
                                   0                        1764 
   331 autonomy_not_exceeded[2,13,1]
                                   0                        1764 
   332 autonomy_not_exceeded[2,13,2]
                                   0                        1764 
   333 autonomy_not_exceeded[2,13,3]
                                   0                        1764 
   334 autonomy_not_exceeded[2,13,4]
                                   0                        1764 
   335 autonomy_not_exceeded[2,13,5]
                                   0                        1764 
   336 autonomy_not_exceeded[2,13,6]
                                   0                        1764 
   337 autonomy_not_exceeded[2,13,7]
                                   0                        1764 
   338 autonomy_not_exceeded[2,13,8]
                                   0                        1764 
   339 autonomy_not_exceeded[2,13,9]
                                 166                        1764 
   340 autonomy_not_exceeded[2,13,10]
                                   0                        1764 
   341 autonomy_not_exceeded[2,13,11]
                                   0                        1764 
   342 autonomy_not_exceeded[2,14,1]
                                   0                        1764 
   343 autonomy_not_exceeded[2,14,2]
                                   0                        1764 
   344 autonomy_not_exceeded[2,14,3]
                                   0                        1764 
   345 autonomy_not_exceeded[2,14,4]
                                   0                        1764 
   346 autonomy_not_exceeded[2,14,5]
                                   0                        1764 
   347 autonomy_not_exceeded[2,14,6]
                                   0                        1764 
   348 autonomy_not_exceeded[2,14,7]
                                   0                        1764 
   349 autonomy_not_exceeded[2,14,8]
                                   0                        1764 
   350 autonomy_not_exceeded[2,14,9]
                                   0                        1764 
   351 autonomy_not_exceeded[2,14,10]
                                 272                        1764 
   352 autonomy_not_exceeded[2,14,11]
                                   0                        1764 
   353 autonomy_not_exceeded[2,15,1]
                                   0                        1764 
   354 autonomy_not_exceeded[2,15,2]
                                   0                        1764 
   355 autonomy_not_exceeded[2,15,3]
                                   0                        1764 
   356 autonomy_not_exceeded[2,15,4]
                                   0                        1764 
   357 autonomy_not_exceeded[2,15,5]
                                   0                        1764 
   358 autonomy_not_exceeded[2,15,6]
                                   0                        1764 
   359 autonomy_not_exceeded[2,15,7]
                                   0                        1764 
   360 autonomy_not_exceeded[2,15,8]
                                   0                        1764 
   361 autonomy_not_exceeded[2,15,9]
                                   0                        1764 
   362 autonomy_not_exceeded[2,15,10]
                                 272                        1764 
   363 autonomy_not_exceeded[2,15,11]
                                   0                        1764 
   364 check_time_max[1]
                                   0            -0               
   365 check_time_max[2]
                                   4            -0               

   No. Column name       Activity     Lower bound   Upper bound
------ ------------    ------------- ------------- -------------
     1 x[1,1,1]     *              0             0             1 
     2 x[1,1,2]     *              0             0             1 
     3 x[1,1,3]     *              0             0             1 
     4 x[1,1,4]     *              0             0             1 
     5 x[1,1,5]     *              0             0             1 
     6 x[1,1,6]     *              0             0             1 
     7 x[1,1,7]     *              0             0             1 
     8 x[1,1,8]     *              0             0             1 
     9 x[1,1,9]     *              0             0             1 
    10 x[1,1,10]    *              0             0             1 
    11 x[1,1,11]    *              0             0             1 
    12 x[1,2,1]     *              1             0             1 
    13 x[1,2,2]     *              0             0             1 
    14 x[1,2,3]     *              0             0             1 
    15 x[1,2,4]     *              0             0             1 
    16 x[1,2,5]     *              0             0             1 
    17 x[1,2,6]     *              0             0             1 
    18 x[1,2,7]     *              0             0             1 
    19 x[1,2,8]     *              0             0             1 
    20 x[1,2,9]     *              0             0             1 
    21 x[1,2,10]    *              0             0             1 
    22 x[1,2,11]    *              0             0             1 
    23 x[2,1,1]     *              0             0             1 
    24 x[2,1,2]     *              0             0             1 
    25 x[2,1,3]     *              0             0             1 
    26 x[2,1,4]     *              0             0             1 
    27 x[2,1,5]     *              0             0             1 
    28 x[2,1,6]     *              0             0             1 
    29 x[2,1,7]     *              0             0             1 
    30 x[2,1,8]     *              0             0             1 
    31 x[2,1,9]     *              0             0             1 
    32 x[2,1,10]    *              0             0             1 
    33 x[2,1,11]    *              0             0             1 
    34 x[2,2,1]     *              1             0             1 
    35 x[2,2,2]     *              0             0             1 
    36 x[2,2,3]     *              0             0             1 
    37 x[2,2,4]     *              0             0             1 
    38 x[2,2,5]     *              0             0             1 
    39 x[2,2,6]     *              0             0             1 
    40 x[2,2,7]     *              0             0             1 
    41 x[2,2,8]     *              0             0             1 
    42 x[2,2,9]     *              0             0             1 
    43 x[2,2,10]    *              0             0             1 
    44 x[2,2,11]    *              0             0             1 
    45 x[3,1,1]     *              0             0             1 
    46 x[3,1,2]     *              0             0             1 
    47 x[3,1,3]     *              0             0             1 
    48 x[3,1,4]     *              0             0             1 
    49 x[3,1,5]     *              0             0             1 
    50 x[3,1,6]     *              0             0             1 
    51 x[3,1,7]     *              0             0             1 
    52 x[3,1,8]     *              0             0             1 
    53 x[3,1,9]     *              0             0             1 
    54 x[3,1,10]    *              0             0             1 
    55 x[3,1,11]    *              0             0             1 
    56 x[3,2,1]     *              1             0             1 
    57 x[3,2,2]     *              0             0             1 
    58 x[3,2,3]     *              0             0             1 
    59 x[3,2,4]     *              0             0             1 
    60 x[3,2,5]     *              0             0             1 
    61 x[3,2,6]     *              0             0             1 
    62 x[3,2,7]     *              0             0             1 
    63 x[3,2,8]     *              0             0             1 
    64 x[3,2,9]     *              0             0             1 
    65 x[3,2,10]    *              0             0             1 
    66 x[3,2,11]    *              0             0             1 
    67 x[4,1,1]     *              0             0             1 
    68 x[4,1,2]     *              1             0             1 
    69 x[4,1,3]     *              0             0             1 
    70 x[4,1,4]     *              0             0             1 
    71 x[4,1,5]     *              0             0             1 
    72 x[4,1,6]     *              0             0             1 
    73 x[4,1,7]     *              0             0             1 
    74 x[4,1,8]     *              0             0             1 
    75 x[4,1,9]     *              0             0             1 
    76 x[4,1,10]    *              0             0             1 
    77 x[4,1,11]    *              0             0             1 
    78 x[4,2,1]     *              0             0             1 
    79 x[4,2,2]     *              0             0             1 
    80 x[4,2,3]     *              0             0             1 
    81 x[4,2,4]     *              0             0             1 
    82 x[4,2,5]     *              0             0             1 
    83 x[4,2,6]     *              0             0             1 
    84 x[4,2,7]     *              0             0             1 
    85 x[4,2,8]     *              0             0             1 
    86 x[4,2,9]     *              0             0             1 
    87 x[4,2,10]    *              0             0             1 
    88 x[4,2,11]    *              0             0             1 
    89 x[5,1,1]     *              0             0             1 
    90 x[5,1,2]     *              1             0             1 
    91 x[5,1,3]     *              0             0             1 
    92 x[5,1,4]     *              0             0             1 
    93 x[5,1,5]     *              0             0             1 
    94 x[5,1,6]     *              0             0             1 
    95 x[5,1,7]     *              0             0             1 
    96 x[5,1,8]     *              0             0             1 
    97 x[5,1,9]     *              0             0             1 
    98 x[5,1,10]    *              0             0             1 
    99 x[5,1,11]    *              0             0             1 
   100 x[5,2,1]     *              0             0             1 
   101 x[5,2,2]     *              0             0             1 
   102 x[5,2,3]     *              0             0             1 
   103 x[5,2,4]     *              0             0             1 
   104 x[5,2,5]     *              0             0             1 
   105 x[5,2,6]     *              0             0             1 
   106 x[5,2,7]     *              0             0             1 
   107 x[5,2,8]     *              0             0             1 
   108 x[5,2,9]     *              0             0             1 
   109 x[5,2,10]    *              0             0             1 
   110 x[5,2,11]    *              0             0             1 
   111 x[6,1,1]     *              0             0             1 
   112 x[6,1,2]     *              1             0             1 
   113 x[6,1,3]     *              0             0             1 
   114 x[6,1,4]     *              0             0             1 
   115 x[6,1,5]     *              0             0             1 
   116 x[6,1,6]     *              0             0             1 
   117 x[6,1,7]     *              0             0             1 
   118 x[6,1,8]     *              0             0             1 
   119 x[6,1,9]     *              0             0             1 
   120 x[6,1,10]    *              0             0             1 
   121 x[6,1,11]    *              0             0             1 
   122 x[6,2,1]     *              0             0             1 
   123 x[6,2,2]     *              0             0             1 
   124 x[6,2,3]     *              0             0             1 
   125 x[6,2,4]     *              0             0             1 
   126 x[6,2,5]     *              0             0             1 
   127 x[6,2,6]     *              0             0             1 
   128 x[6,2,7]     *              0             0             1 
   129 x[6,2,8]     *              0             0             1 
   130 x[6,2,9]     *              0             0             1 
   131 x[6,2,10]    *              0             0             1 
   132 x[6,2,11]    *              0             0             1 
   133 x[7,1,1]     *              0             0             1 
   134 x[7,1,2]     *              0             0             1 
   135 x[7,1,3]     *              0             0             1 
   136 x[7,1,4]     *              0             0             1 
   137 x[7,1,5]     *              0             0             1 
   138 x[7,1,6]     *              0             0             1 
   139 x[7,1,7]     *              0             0             1 
   140 x[7,1,8]     *              0             0             1 
   141 x[7,1,9]     *              0             0             1 
   142 x[7,1,10]    *              0             0             1 
   143 x[7,1,11]    *              0             0             1 
   144 x[7,2,1]     *              0             0             1 
   145 x[7,2,2]     *              0             0             1 
   146 x[7,2,3]     *              1             0             1 
   147 x[7,2,4]     *              0             0             1 
   148 x[7,2,5]     *              0             0             1 
   149 x[7,2,6]     *              0             0             1 
   150 x[7,2,7]     *              0             0             1 
   151 x[7,2,8]     *              0             0             1 
   152 x[7,2,9]     *              0             0             1 
   153 x[7,2,10]    *              0             0             1 
   154 x[7,2,11]    *              0             0             1 
   155 x[8,1,1]     *              0             0             1 
   156 x[8,1,2]     *              0             0             1 
   157 x[8,1,3]     *              0             0             1 
   158 x[8,1,4]     *              1             0             1 
   159 x[8,1,5]     *              0             0             1 
   160 x[8,1,6]     *              0             0             1 
   161 x[8,1,7]     *              0             0             1 
   162 x[8,1,8]     *              0             0             1 
   163 x[8,1,9]     *              0             0             1 
   164 x[8,1,10]    *              0             0             1 
   165 x[8,1,11]    *              0             0             1 
   166 x[8,2,1]     *              0             0             1 
   167 x[8,2,2]     *              0             0             1 
   168 x[8,2,3]     *              0             0             1 
   169 x[8,2,4]     *              0             0             1 
   170 x[8,2,5]     *              0             0             1 
   171 x[8,2,6]     *              0             0             1 
   172 x[8,2,7]     *              0             0             1 
   173 x[8,2,8]     *              0             0             1 
   174 x[8,2,9]     *              0             0             1 
   175 x[8,2,10]    *              0             0             1 
   176 x[8,2,11]    *              0             0             1 
   177 x[9,1,1]     *              0             0             1 
   178 x[9,1,2]     *              0             0             1 
   179 x[9,1,3]     *              0             0             1 
   180 x[9,1,4]     *              0             0             1 
   181 x[9,1,5]     *              0             0             1 
   182 x[9,1,6]     *              1             0             1 
   183 x[9,1,7]     *              0             0             1 
   184 x[9,1,8]     *              0             0             1 
   185 x[9,1,9]     *              0             0             1 
   186 x[9,1,10]    *              0             0             1 
   187 x[9,1,11]    *              0             0             1 
   188 x[9,2,1]     *              0             0             1 
   189 x[9,2,2]     *              0             0             1 
   190 x[9,2,3]     *              0             0             1 
   191 x[9,2,4]     *              0             0             1 
   192 x[9,2,5]     *              0             0             1 
   193 x[9,2,6]     *              0             0             1 
   194 x[9,2,7]     *              0             0             1 
   195 x[9,2,8]     *              0             0             1 
   196 x[9,2,9]     *              0             0             1 
   197 x[9,2,10]    *              0             0             1 
   198 x[9,2,11]    *              0             0             1 
   199 x[10,1,1]    *              0             0             1 
   200 x[10,1,2]    *              0             0             1 
   201 x[10,1,3]    *              0             0             1 
   202 x[10,1,4]    *              0             0             1 
   203 x[10,1,5]    *              0             0             1 
   204 x[10,1,6]    *              0             0             1 
   205 x[10,1,7]    *              1             0             1 
   206 x[10,1,8]    *              0             0             1 
   207 x[10,1,9]    *              0             0             1 
   208 x[10,1,10]   *              0             0             1 
   209 x[10,1,11]   *              0             0             1 
   210 x[10,2,1]    *              0             0             1 
   211 x[10,2,2]    *              0             0             1 
   212 x[10,2,3]    *              0             0             1 
   213 x[10,2,4]    *              0             0             1 
   214 x[10,2,5]    *              0             0             1 
   215 x[10,2,6]    *              0             0             1 
   216 x[10,2,7]    *              0             0             1 
   217 x[10,2,8]    *              0             0             1 
   218 x[10,2,9]    *              0             0             1 
   219 x[10,2,10]   *              0             0             1 
   220 x[10,2,11]   *              0             0             1 
   221 x[11,1,1]    *              0             0             1 
   222 x[11,1,2]    *              0             0             1 
   223 x[11,1,3]    *              0             0             1 
   224 x[11,1,4]    *              0             0             1 
   225 x[11,1,5]    *              0             0             1 
   226 x[11,1,6]    *              0             0             1 
   227 x[11,1,7]    *              0             0             1 
   228 x[11,1,8]    *              1             0             1 
   229 x[11,1,9]    *              0             0             1 
   230 x[11,1,10]   *              0             0             1 
   231 x[11,1,11]   *              0             0             1 
   232 x[11,2,1]    *              0             0             1 
   233 x[11,2,2]    *              0             0             1 
   234 x[11,2,3]    *              0             0             1 
   235 x[11,2,4]    *              0             0             1 
   236 x[11,2,5]    *              0             0             1 
   237 x[11,2,6]    *              0             0             1 
   238 x[11,2,7]    *              0             0             1 
   239 x[11,2,8]    *              0             0             1 
   240 x[11,2,9]    *              0             0             1 
   241 x[11,2,10]   *              0             0             1 
   242 x[11,2,11]   *              0             0             1 
   243 x[12,1,1]    *              0             0             1 
   244 x[12,1,2]    *              0             0             1 
   245 x[12,1,3]    *              0             0             1 
   246 x[12,1,4]    *              0             0             1 
   247 x[12,1,5]    *              0             0             1 
   248 x[12,1,6]    *              0             0             1 
   249 x[12,1,7]    *              0             0             1 
   250 x[12,1,8]    *              1             0             1 
   251 x[12,1,9]    *              0             0             1 
   252 x[12,1,10]   *              0             0             1 
   253 x[12,1,11]   *              0             0             1 
   254 x[12,2,1]    *              0             0             1 
   255 x[12,2,2]    *              0             0             1 
   256 x[12,2,3]    *              0             0             1 
   257 x[12,2,4]    *              0             0             1 
   258 x[12,2,5]    *              0             0             1 
   259 x[12,2,6]    *              0             0             1 
   260 x[12,2,7]    *              0             0             1 
   261 x[12,2,8]    *              0             0             1 
   262 x[12,2,9]    *              0             0             1 
   263 x[12,2,10]   *              0             0             1 
   264 x[12,2,11]   *              0             0             1 
   265 x[13,1,1]    *              0             0             1 
   266 x[13,1,2]    *              0             0             1 
   267 x[13,1,3]    *              0             0             1 
   268 x[13,1,4]    *              0             0             1 
   269 x[13,1,5]    *              0             0             1 
   270 x[13,1,6]    *              0             0             1 
   271 x[13,1,7]    *              0             0             1 
   272 x[13,1,8]    *              0             0             1 
   273 x[13,1,9]    *              0             0             1 
   274 x[13,1,10]   *              0             0             1 
   275 x[13,1,11]   *              0             0             1 
   276 x[13,2,1]    *              0             0             1 
   277 x[13,2,2]    *              0             0             1 
   278 x[13,2,3]    *              0             0             1 
   279 x[13,2,4]    *              0             0             1 
   280 x[13,2,5]    *              0             0             1 
   281 x[13,2,6]    *              0             0             1 
   282 x[13,2,7]    *              0             0             1 
   283 x[13,2,8]    *              0             0             1 
   284 x[13,2,9]    *              1             0             1 
   285 x[13,2,10]   *              0             0             1 
   286 x[13,2,11]   *              0             0             1 
   287 x[14,1,1]    *              0             0             1 
   288 x[14,1,2]    *              0             0             1 
   289 x[14,1,3]    *              0             0             1 
   290 x[14,1,4]    *              0             0             1 
   291 x[14,1,5]    *              0             0             1 
   292 x[14,1,6]    *              0             0             1 
   293 x[14,1,7]    *              0             0             1 
   294 x[14,1,8]    *              0             0             1 
   295 x[14,1,9]    *              0             0             1 
   296 x[14,1,10]   *              0             0             1 
   297 x[14,1,11]   *              0             0             1 
   298 x[14,2,1]    *              0             0             1 
   299 x[14,2,2]    *              0             0             1 
   300 x[14,2,3]    *              0             0             1 
   301 x[14,2,4]    *              0             0             1 
   302 x[14,2,5]    *              0             0             1 
   303 x[14,2,6]    *              0             0             1 
   304 x[14,2,7]    *              0             0             1 
   305 x[14,2,8]    *              0             0             1 
   306 x[14,2,9]    *              0             0             1 
   307 x[14,2,10]   *              1             0             1 
   308 x[14,2,11]   *              0             0             1 
   309 x[15,1,1]    *              0             0             1 
   310 x[15,1,2]    *              0             0             1 
   311 x[15,1,3]    *              0             0             1 
   312 x[15,1,4]    *              0             0             1 
   313 x[15,1,5]    *              0             0             1 
   314 x[15,1,6]    *              0             0             1 
   315 x[15,1,7]    *              0             0             1 
   316 x[15,1,8]    *              0             0             1 
   317 x[15,1,9]    *              0             0             1 
   318 x[15,1,10]   *              0             0             1 
   319 x[15,1,11]   *              0             0             1 
   320 x[15,2,1]    *              0             0             1 
   321 x[15,2,2]    *              0             0             1 
   322 x[15,2,3]    *              0             0             1 
   323 x[15,2,4]    *              0             0             1 
   324 x[15,2,5]    *              0             0             1 
   325 x[15,2,6]    *              0             0             1 
   326 x[15,2,7]    *              0             0             1 
   327 x[15,2,8]    *              0             0             1 
   328 x[15,2,9]    *              0             0             1 
   329 x[15,2,10]   *              1             0             1 
   330 x[15,2,11]   *              0             0             1 
   331 t[1]         *           5640                             
   332 t[2]         *           5636                             
   333 time_max     *           5640                             

Integer feasibility conditions:

KKT.PE: max.abs.err = 0.00e+00 on row 0
        max.rel.err = 0.00e+00 on row 0
        High quality

KKT.PB: max.abs.err = 0.00e+00 on row 0
        max.rel.err = 0.00e+00 on row 0
        High quality

End of output
